=== NUCLEAR WARHEAD STATUS REPORT ===
Amundsen-Scott Underground Silo Complex
Automated Monitoring System

Last inspection: 2157-09-03
Current date: 2237-08-15
Days since last inspection: 29,165

INVENTORY:
- 4x W88 thermonuclear warheads
- Yield: 475 kilotons each
- Status: ACTIVE (preserved in cryogenic storage)
- Degradation: 2.3% (within acceptable parameters)
- Estimated functional lifespan: 150+ years remaining

TARGET ASSIGNMENTS:
[CLASSIFIED - OMEGA CLEARANCE REQUIRED]

LAUNCH AUTHORIZATION STATUS:
Primary: OFFLINE (no command structure)
Secondary: OFFLINE (no valid authentication)
Tertiary: LOCKED (emergency override available)

AUTOMATED SAFETY PROTOCOLS:
- Self-destruct if unauthorized access detected: ARMED
- Radiation leak detection: ACTIVE
- Seismic stability monitoring: ACTIVE
