=== CRYPTOBIOLOGY DATABASE STATUS ===
Vostok Station Research Archive
Database: cephalopod_evolution.db

Last successful backup: 2157-09-01 12:00 UTC
Last write operation: 2157-09-02 18:45 UTC

2157-10-15 08:23 UTC
CRITICAL ERROR: Power fluctuation detected
Source: Solar panel failure during polar night
Duration: 0.8 seconds

Write operation status: INTERRUPTED
Database integrity check: FAILED
Corruption detected in tables:
- neural_mapping (34% corrupted)
- behavioral_data (12% corrupted)
- genetic_sequences (8% corrupted)

Automated repair: ATTEMPTED
Automated repair: FAILED

Reason for failure:
Database corruption requires manual intervention.
Backup restoration needed.
