=== HEATING SYSTEM MAINTENANCE LOG ===
Auto-logging enabled

2157-08-10 09:00 UTC
Complaint: Section C temperature 28°C (too hot)
Action: Adjusted valve #3
Result: Temperature normalized to 22°C

2157-08-15 14:00 UTC
Complaint: Section D temperature 16°C (too cold)
Action: Replaced thermostatic valve
Result: Temperature normalized to 21°C

2157-08-20 08:30 UTC
Complaint: All sections running optimally but someone
          still complains it's "too something"
Action: Ignored complaint
Result: Continued optimal operation

2157-08-25 11:00 UTC
Complaint: Section B somehow both hot AND cold
Action: Checked sensors - all readings normal
Result: Probable user error (psychological)

2157-09-10 00:00 UTC
Automated check: All sections 21-22°C
Biological heat signatures: 0
Adjusted target temperature: 15°C (energy conservation mode)

2237-08-15 00:00 UTC
System status: Operational
Current temperature: 15°C all sections
Energy consumption: Minimal
Complaint count since 2157-09-10: 0
Satisfaction rate: 100%
