=== BACKUP SYSTEM STATUS ===
Concordia Station
Redundant Backup System v3.0

Primary backup server: OFFLINE
Failure date: 2189-07-23
Cause: Hardware failure (cooling system malfunction)

Redundant backup server: OPERATIONAL
Status: PARTIAL DATA INTEGRITY

Issue detected: 2157-09-04 06:30 UTC
Event: Power fluctuation during backup synchronization
Result: Synchronization process interrupted

Effect: Some files are partially written or corrupted
Estimated corrupted files: 3-5 research documents

Current status (2237-08-15):
- System functional: YES
- Data accessible: MOSTLY
- Corruption extent: MINOR but critical files affected
- Automated repair: FAILED (requires manual intervention)

RECOMMENDATION:
Manual verification and repair required.
See: /Concordia_FR_IT/system/repair_guide.txt

[SYSTEM NOTE: Corrupted files include final transmissions]
[SYSTEM NOTE: and observational data from 2157-09-03]
