=== AUTOMATED SUPPLY MONITORING SYSTEM ===
Version 3.2.1 | Last maintenance: 2157-08-15

2157-09-05 00:00 UTC
Food Rations: 45% (6 months remaining at current consumption)
Fuel Cells: 60% (1 year remaining at current consumption)
Water Reserves: 78% (indefinite - recycling active)
Status: NOMINAL

2157-09-10 00:00 UTC
Food Rations: 45% (CONSUMPTION RATE: 0 kg/day)
Fuel Cells: 60% (CONSUMPTION RATE: 0 kW/h)
Water Reserves: 78% (RECYCLING: No biological input detected)
Status: NO CONSUMPTION DETECTED
Note: All personnel biometric sensors offline.
Note: Automated systems continue per protocol.

2157-10-01 00:00 UTC
Food Rations: 45% (INDEFINITE)
Note: Coffee maker executed daily routine at 07:00 UTC.
Note: No coffee consumption detected.

2158-01-01 00:00 UTC
Food Rations: 45% (INDEFINITE)
Note: 120 days since last human interaction.
Note: All automated systems operational.

2180-01-01 00:00 UTC
Food Rations: 45% (INDEFINITE)
Note: 8,035 days since last human interaction.
Note: Solar panels degraded to 67% capacity. Sufficient for current load.

2200-01-01 00:00 UTC
Food Rations: 45% (INDEFINITE)
Note: 15,340 days since last human interaction.
Note: External access port activity detected. Source: Unknown.

2237-08-15 00:00 UTC
Food Rations: 45% (INDEFINITE)
Note: 29,200 days since last human interaction.
Note: RECLAMATION_UNIT_004 activated.
Note: Coffee maker continues daily routine.
