=== AUTOMATED COFFEE MAKER LOG ===
Model: BrewMaster 3000
Installation: 2155-03-12

Daily Routine: 07:00 UTC
- Heat water to 96°C
- Grind beans (Medium roast, Dr. Kovacs' preference)
- Brew 12 cups
- Keep warm for 4 hours

2157-09-03 07:00 UTC
Brew cycle completed. 12 cups prepared.
Consumption: 11 cups (Normal)

2157-09-04 07:00 UTC
Brew cycle completed. 12 cups prepared.
Consumption: 0 cups

2157-09-05 07:00 UTC
Brew cycle completed. 12 cups prepared.
Consumption: 0 cups

[... 29,163 days of identical logs ...]

2237-08-15 07:00 UTC
Brew cycle completed. 12 cups prepared.
Consumption: 0 cups
Coffee reservoir: 45% (indefinite supply)
Routine continuation: Active
