=== NETWORK SYNCHRONIZATION LOG ===
Antarctic Research Network - Auto-sync Protocol v2.4

2157-09-01 08:00 UTC
Synchronization complete.
- McMurdo ↔ Vostok: 45ms latency
- McMurdo ↔ Amundsen: 52ms latency
- McMurdo ↔ Concordia: 38ms latency
- All northern stations: 120-180ms latency
Status: OPTIMAL

2157-09-02 12:00 UTC
WARNING: Northern stations showing increased latency
- North American stations: 1,500-2,000ms
- European stations: 1,800-2,500ms
- Asian stations: 2,000-3,000ms
Possible cause: Atmospheric interference or routing issues
Antarctic network: STABLE

2157-09-03 14:20 UTC
CRITICAL: Mass disconnection event detected
- Northern hemisphere: Latency spike to 10,000ms+
- Packet loss: 98-100%
Attempting emergency protocols...

2157-09-03 14:23 UTC
EMERGENCY: ALL NORTHERN STATIONS OFFLINE
- Connection attempts: FAILED
- Alternative routes: FAILED
- Satellite backup: NO RESPONSE
- Cause: UNKNOWN

Antarctic stations remain connected to each other.
Isolated network mode activated automatically.

2157-09-03 14:25 UTC
Reconnection attempts: FAILED (attempt 1 of ∞)
Reconnection attempts: FAILED (attempt 2 of ∞)
Reconnection attempts: FAILED (attempt 3 of ∞)
[... repeated 10,657,200 times ...]

2157-09-04 00:00 UTC
Status: ISOLATED NETWORK OPERATIONAL
Antarctic intranet: 4 stations, all functional
External connectivity: NONE
Duration: 0 days, 9 hours, 37 minutes

2237-08-15 00:00 UTC
Status: ISOLATED NETWORK OPERATIONAL
Antarctic intranet: 4 stations, all automated
External connectivity: NONE
Duration: 29,200 days

